  % Total    % Received % Xferd  Average Speed   Time    Time     Time  Current
                                 Dload  Upload   Total   Spent    Left  Speed
  0     0    0     0    0     0      0      0 --:--:-- --:--:-- --:--:--     0*   Trying 52.15.222.56:80...
* Connected to ec2-52-15-222-56.us-east-2.compute.amazonaws.com (52.15.222.56) port 80 (#0)
> GET / HTTP/1.1
> Host: ec2-52-15-222-56.us-east-2.compute.amazonaws.com
> User-Agent: curl/7.81.0
> Accept: */*
> Cookie: login=eyJ1c2VybmFtZSI6ImF3ZGVvcmlvIn0.ZSt1Mw.eLtK8bJeiq3x0UztoezA_pK8deo
> 
* Mark bundle as not supporting multiuse
< HTTP/1.1 200 OK
< Server: nginx/1.18.0 (Ubuntu)
< Date: Sun, 15 Oct 2023 05:15:21 GMT
< Content-Type: text/html; charset=utf-8
< Content-Length: 813
< Connection: keep-alive
< Vary: Cookie
< 
{ [813 bytes data]
100   813  100   813    0     0   2883      0 --:--:-- --:--:-- --:--:--  2893
* Connection #0 to host ec2-52-15-222-56.us-east-2.compute.amazonaws.com left intact
